<?xml version="1.0" encoding="UTF-8"?>
<coverage generated="1597449990225" clover="3.2.0">
  <project timestamp="1597449990225" name="All files">
    <metrics statements="32" coveredstatements="32" conditionals="4" coveredconditionals="4" methods="18" coveredmethods="18" elements="54" coveredelements="54" complexity="0" loc="32" ncloc="32" packages="1" files="5" classes="5"/>
    <file name="DetailView.vue" path="/Users/elsa/Documents/Code/Ithaka-assignment/image-gallery/image-gallery/src/components/DetailView.vue">
      <metrics statements="8" coveredstatements="8" conditionals="0" coveredconditionals="0" methods="3" coveredmethods="3"/>
      <line num="39" count="4" type="stmt"/>
      <line num="45" count="9" type="stmt"/>
      <line num="55" count="3" type="stmt"/>
      <line num="58" count="1" type="stmt"/>
      <line num="59" count="1" type="stmt"/>
      <line num="60" count="1" type="stmt"/>
      <line num="61" count="1" type="stmt"/>
      <line num="62" count="1" type="stmt"/>
    </file>
    <file name="GridView.vue" path="/Users/elsa/Documents/Code/Ithaka-assignment/image-gallery/image-gallery/src/components/GridView.vue">
      <metrics statements="5" coveredstatements="5" conditionals="0" coveredconditionals="0" methods="3" coveredmethods="3"/>
      <line num="16" count="2" type="stmt"/>
      <line num="17" count="2" type="stmt"/>
      <line num="18" count="2" type="stmt"/>
      <line num="23" count="5" type="stmt"/>
      <line num="36" count="10" type="stmt"/>
    </file>
    <file name="ImageItem.vue" path="/Users/elsa/Documents/Code/Ithaka-assignment/image-gallery/image-gallery/src/components/ImageItem.vue">
      <metrics statements="5" coveredstatements="5" conditionals="2" coveredconditionals="2" methods="4" coveredmethods="4"/>
      <line num="15" count="3" type="stmt"/>
      <line num="21" count="7" type="stmt"/>
      <line num="31" count="1" type="stmt"/>
      <line num="34" count="1" type="stmt"/>
      <line num="39" count="7" type="cond" truecount="2" falsecount="0"/>
    </file>
    <file name="Pager.vue" path="/Users/elsa/Documents/Code/Ithaka-assignment/image-gallery/image-gallery/src/components/Pager.vue">
      <metrics statements="7" coveredstatements="7" conditionals="2" coveredconditionals="2" methods="3" coveredmethods="3"/>
      <line num="27" count="3" type="stmt"/>
      <line num="34" count="1" type="stmt"/>
      <line num="40" count="1" type="stmt"/>
      <line num="41" count="1" type="stmt"/>
      <line num="47" count="2" type="cond" truecount="2" falsecount="0"/>
      <line num="48" count="2" type="stmt"/>
      <line num="49" count="2" type="stmt"/>
    </file>
    <file name="SearchBar.vue" path="/Users/elsa/Documents/Code/Ithaka-assignment/image-gallery/image-gallery/src/components/SearchBar.vue">
      <metrics statements="7" coveredstatements="7" conditionals="0" coveredconditionals="0" methods="5" coveredmethods="5"/>
      <line num="12" count="2" type="stmt"/>
      <line num="17" count="7" type="stmt"/>
      <line num="25" count="1" type="stmt"/>
      <line num="27" count="100" type="stmt"/>
      <line num="31" count="1" type="stmt"/>
      <line num="36" count="7" type="stmt"/>
      <line num="37" count="7" type="stmt"/>
    </file>
  </project>
</coverage>
