TN:
SF:/Users/elsa/Documents/Code/Ithaka-assignment/image-gallery/image-gallery/src/components/DetailView.vue
FN:44,(anonymous_1)
FN:54,(anonymous_2)
FN:57,(anonymous_3)
FNF:3
FNH:3
FNDA:9,(anonymous_1)
FNDA:3,(anonymous_2)
FNDA:1,(anonymous_3)
DA:39,4
DA:45,9
DA:55,3
DA:58,1
DA:59,1
DA:60,1
DA:61,1
DA:62,1
LF:8
LH:8
BRF:0
BRH:0
end_of_record
TN:
SF:/Users/elsa/Documents/Code/Ithaka-assignment/image-gallery/image-gallery/src/components/GridView.vue
FN:22,(anonymous_1)
FN:35,(anonymous_2)
FN:36,(anonymous_3)
FNF:3
FNH:3
FNDA:5,(anonymous_1)
FNDA:5,(anonymous_2)
FNDA:5,(anonymous_3)
DA:16,2
DA:17,2
DA:18,2
DA:23,5
DA:36,10
LF:5
LH:5
BRF:0
BRH:0
end_of_record
TN:
SF:/Users/elsa/Documents/Code/Ithaka-assignment/image-gallery/image-gallery/src/components/ImageItem.vue
FN:20,(anonymous_1)
FN:30,(anonymous_2)
FN:33,(anonymous_3)
FN:38,(anonymous_4)
FNF:4
FNH:4
FNDA:7,(anonymous_1)
FNDA:1,(anonymous_2)
FNDA:1,(anonymous_3)
FNDA:7,(anonymous_4)
DA:15,3
DA:21,7
DA:31,1
DA:34,1
DA:39,7
LF:5
LH:5
BRDA:39,0,0,1
BRDA:39,0,1,6
BRF:2
BRH:2
end_of_record
TN:
SF:/Users/elsa/Documents/Code/Ithaka-assignment/image-gallery/image-gallery/src/components/Pager.vue
FN:33,(anonymous_1)
FN:39,(anonymous_2)
FN:46,(anonymous_3)
FNF:3
FNH:3
FNDA:1,(anonymous_1)
FNDA:1,(anonymous_2)
FNDA:2,(anonymous_3)
DA:27,3
DA:34,1
DA:40,1
DA:41,1
DA:47,2
DA:48,2
DA:49,2
LF:7
LH:7
BRDA:47,0,0,1
BRDA:47,0,1,1
BRF:2
BRH:2
end_of_record
TN:
SF:/Users/elsa/Documents/Code/Ithaka-assignment/image-gallery/image-gallery/src/components/SearchBar.vue
FN:16,(anonymous_1)
FN:24,(anonymous_2)
FN:25,(anonymous_3)
FN:35,(anonymous_4)
FN:36,(anonymous_5)
FNF:5
FNH:5
FNDA:7,(anonymous_1)
FNDA:1,(anonymous_2)
FNDA:100,(anonymous_3)
FNDA:7,(anonymous_4)
FNDA:7,(anonymous_5)
DA:12,2
DA:17,7
DA:25,1
DA:27,100
DA:31,1
DA:36,7
DA:37,7
LF:7
LH:7
BRF:0
BRH:0
end_of_record
